c:\fedorin-labs\classeslab4\x64\debug\vc143.pdb
c:\fedorin-labs\classeslab4\x64\debug\vc143.idb
c:\fedorin-labs\classeslab4\x64\debug\long.obj
c:\fedorin-labs\classeslab4\x64\debug\classeslab4.obj
c:\fedorin-labs\classeslab4\x64\debug\classeslab4.pdb
c:\fedorin-labs\classeslab4\x64\debug\classeslab4.tlog\cl.command.1.tlog
c:\fedorin-labs\classeslab4\x64\debug\classeslab4.tlog\cl.read.1.tlog
c:\fedorin-labs\classeslab4\x64\debug\classeslab4.tlog\cl.write.1.tlog
c:\fedorin-labs\classeslab4\x64\debug\classeslab4.tlog\link-cvtres.read.1.tlog
c:\fedorin-labs\classeslab4\x64\debug\classeslab4.tlog\link-cvtres.write.1.tlog
c:\fedorin-labs\classeslab4\x64\debug\classeslab4.tlog\link-rc.read.1.tlog
c:\fedorin-labs\classeslab4\x64\debug\classeslab4.tlog\link-rc.write.1.tlog
c:\fedorin-labs\classeslab4\x64\debug\classeslab4.tlog\link.14152-cvtres.read.1.tlog
c:\fedorin-labs\classeslab4\x64\debug\classeslab4.tlog\link.14152-cvtres.write.1.tlog
c:\fedorin-labs\classeslab4\x64\debug\classeslab4.tlog\link.14152-rc.read.1.tlog
c:\fedorin-labs\classeslab4\x64\debug\classeslab4.tlog\link.14152-rc.write.1.tlog
c:\fedorin-labs\classeslab4\x64\debug\classeslab4.tlog\link.14152.read.1.tlog
c:\fedorin-labs\classeslab4\x64\debug\classeslab4.tlog\link.14152.read.2.tlog
c:\fedorin-labs\classeslab4\x64\debug\classeslab4.tlog\link.14152.write.1.tlog
c:\fedorin-labs\classeslab4\x64\debug\classeslab4.tlog\link.command.1.tlog
c:\fedorin-labs\classeslab4\x64\debug\classeslab4.tlog\link.read.1.tlog
c:\fedorin-labs\classeslab4\x64\debug\classeslab4.tlog\link.read.2.tlog
c:\fedorin-labs\classeslab4\x64\debug\classeslab4.tlog\link.write.1.tlog
